<?xml version="1.0" encoding="UTF-8"?>
<!-- Generated by org.testng.reporters.JUnitReportReporter -->
<testsuite hostname="DESKTOP-45TE5AF" failures="1" tests="14" name="com.jbk.SauceDemo" time="5.317" errors="0" timestamp="2025-04-07T17:57:41 IST" skipped="12">
  <testcase classname="com.jbk.SauceDemo" name="testListCountoptions" time="2.980"/>
  <system-out/>
  <testcase classname="com.jbk.SauceDemo" name="testRemovefromCartButton" time="2.337">
    <failure message="expected [Sauce Labs Backpack] but found [Sauce Labs Backpack
carry.allTheThings() with the sleek, streamlined Sly Pack that melds uncompromising style with unequaled laptop and tablet protection.
$29.99
Remove]" type="java.lang.AssertionError">
      <![CDATA[java.lang.AssertionError: expected [Sauce Labs Backpack] but found [Sauce Labs Backpack
carry.allTheThings() with the sleek, streamlined Sly Pack that melds uncompromising style with unequaled laptop and tablet protection.
$29.99
Remove]
at org.testng.Assert.fail(Assert.java:99)
at org.testng.Assert.failNotEquals(Assert.java:1037)
at org.testng.Assert.assertEqualsImpl(Assert.java:140)
at org.testng.Assert.assertEquals(Assert.java:122)
at org.testng.Assert.assertEquals(Assert.java:629)
at org.testng.Assert.assertEquals(Assert.java:639)
at com.jbk.SauceDemo.testRemovefromCartButton(SauceDemo.java:235)
at java.base/jdk.internal.reflect.DirectMethodHandleAccessor.invoke(DirectMethodHandleAccessor.java:103)
at java.base/java.lang.reflect.Method.invoke(Method.java:580)
at org.testng.internal.MethodInvocationHelper.invokeMethod(MethodInvocationHelper.java:133)
at org.testng.internal.TestInvoker.invokeMethod(TestInvoker.java:598)
at org.testng.internal.TestInvoker.invokeTestMethod(TestInvoker.java:173)
at org.testng.internal.MethodRunner.runInSequence(MethodRunner.java:46)
at org.testng.internal.TestInvoker$MethodInvocationAgent.invoke(TestInvoker.java:824)
at org.testng.internal.TestInvoker.invokeTestMethods(TestInvoker.java:146)
at org.testng.internal.TestMethodWorker.invokeTestMethods(TestMethodWorker.java:146)
at org.testng.internal.TestMethodWorker.run(TestMethodWorker.java:128)
at java.base/java.util.ArrayList.forEach(ArrayList.java:1597)
at org.testng.TestRunner.privateRun(TestRunner.java:794)
at org.testng.TestRunner.run(TestRunner.java:596)
at org.testng.SuiteRunner.runTest(SuiteRunner.java:377)
at org.testng.SuiteRunner.runSequentially(SuiteRunner.java:371)
at org.testng.SuiteRunner.privateRun(SuiteRunner.java:332)
at org.testng.SuiteRunner.run(SuiteRunner.java:276)
at org.testng.SuiteRunnerWorker.runSuite(SuiteRunnerWorker.java:53)
at org.testng.SuiteRunnerWorker.run(SuiteRunnerWorker.java:96)
at org.testng.TestNG.runSuitesSequentially(TestNG.java:1212)
at org.testng.TestNG.runSuitesLocally(TestNG.java:1134)
at org.testng.TestNG.runSuites(TestNG.java:1063)
at org.testng.TestNG.run(TestNG.java:1031)
at org.testng.remote.AbstractRemoteTestNG.run(AbstractRemoteTestNG.java:115)
at org.testng.remote.RemoteTestNG.initAndRun(RemoteTestNG.java:293)
at org.testng.remote.RemoteTestNG.main(RemoteTestNG.java:91)
]]>
    </failure>
  </testcase> <!-- testRemovefromCartButton -->
  <system-out/>
  <testcase classname="com.jbk.SauceDemo" name="testPasswordtext">
    <skipped/>
  </testcase> <!-- testPasswordtext -->
  <system-out/>
  <testcase classname="com.jbk.SauceDemo" name="testAddCartButton">
    <skipped/>
  </testcase> <!-- testAddCartButton -->
  <system-out/>
  <testcase classname="com.jbk.SauceDemo" name="testvalidlogincreditials">
    <skipped/>
  </testcase> <!-- testvalidlogincreditials -->
  <system-out/>
  <testcase classname="com.jbk.SauceDemo" name="testYourCartofWebsite">
    <skipped/>
  </testcase> <!-- testYourCartofWebsite -->
  <system-out/>
  <testcase classname="com.jbk.SauceDemo" name="testOpenMenueButton">
    <skipped/>
  </testcase> <!-- testOpenMenueButton -->
  <system-out/>
  <testcase classname="com.jbk.SauceDemo" name="testUsernametext">
    <skipped/>
  </testcase> <!-- testUsernametext -->
  <system-out/>
  <testcase classname="com.jbk.SauceDemo" name="testtitleofwebsite">
    <skipped/>
  </testcase> <!-- testtitleofwebsite -->
  <system-out/>
  <testcase classname="com.jbk.SauceDemo" name="testblankpasswordfield">
    <skipped/>
  </testcase> <!-- testblankpasswordfield -->
  <system-out/>
  <testcase classname="com.jbk.SauceDemo" name="TestwelcometitleofWebsite">
    <skipped/>
  </testcase> <!-- TestwelcometitleofWebsite -->
  <system-out/>
  <testcase classname="com.jbk.SauceDemo" name="testblankusernamefield">
    <skipped/>
  </testcase> <!-- testblankusernamefield -->
  <system-out/>
  <testcase classname="com.jbk.SauceDemo" name="testselectoptions">
    <skipped/>
  </testcase> <!-- testselectoptions -->
  <system-out/>
  <testcase classname="com.jbk.SauceDemo" name="testInvalidlogincreditials">
    <skipped/>
  </testcase> <!-- testInvalidlogincreditials -->
  <system-out/>
</testsuite> <!-- com.jbk.SauceDemo -->
